[Info]2019/10/12 09:50:38 logger.go:34: http server started, listened on port 
%!(EXTRA []interface {}=[8000])
[Info]2019/10/12 09:52:23 logger.go:34: http server started, listened on port 
%!(EXTRA []interface {}=[8000])
[Info]2019/10/12 09:54:23 logger.go:34: http server started, listened on port 
%!(EXTRA []interface {}=[8000])
[Info]2019/10/12 10:00:36 logger.go:34: http server started, listened on port 
%!(EXTRA []interface {}=[8000])
[Info]2019/10/12 10:03:29 logger.go:34: http server started, listened on port 
%!(EXTRA []interface {}=[8000])
[Info]2019/10/12 10:05:41 logger.go:34: http server started, listened on port 
%!(EXTRA []interface {}=[8000])
[Info]2019/10/12 10:06:09 logger.go:32: access /
[Info]2019/10/12 10:06:13 logger.go:32: access /
[Info]2019/10/12 10:13:00 logger.go:34: http server started, listened on port 
%!(EXTRA []interface {}=[8000])
[Info]2019/10/12 10:13:02 logger.go:32: access /
[Info]2019/10/12 10:14:43 logger.go:32: access /
[Info]2019/10/12 10:14:47 logger.go:32: access /
[Info]2019/10/12 10:20:19 logger.go:34: http server started, listened on port 
%!(EXTRA []interface {}=[8000])
[Info]2019/10/12 10:24:11 logger.go:34: http server started, listened on port 
%!(EXTRA []interface {}=[8000])
[Info]2019/10/12 10:24:16 logger.go:32: access /
[Error]2019/10/12 10:24:31 logger.go:50: User create Error:
%!(EXTRA []interface {}=[no such table: users])
[Info]2019/10/12 10:30:39 logger.go:34: http server started, listened on port 
%!(EXTRA []interface {}=[8000])
[Info]2019/10/12 10:55:38 logger.go:34: http server started, listened on port 
%!(EXTRA []interface {}=[8000])
[Info]2019/10/12 10:55:52 logger.go:34: http server started, listened on port 
%!(EXTRA []interface {}=[8000])
[Info]2019/10/12 10:56:06 logger.go:32: access /
[Info]2019/10/12 10:56:22 logger.go:32: access /
[Info]2019/10/12 12:20:07 logger.go:34: http server started, listened on port 
%!(EXTRA []interface {}=[8000])
[Info]2019/10/12 12:21:44 logger.go:32: access /
[Info]2019/10/12 13:43:42 logger.go:32: access /
[Info]2019/10/12 13:44:30 logger.go:32: access /
[Info]2019/10/12 18:28:48 logger.go:34: http server started, listened on port 
%!(EXTRA []interface {}=[8000])
[Info]2019/10/12 18:28:54 logger.go:32: access /
[Info]2019/10/12 18:28:58 logger.go:32: access /
[Info]2019/10/12 18:40:15 logger.go:32: access /
[Info]2019/10/12 18:40:21 logger.go:32: access /
[Info]2019/10/12 18:40:32 logger.go:32: access /
[Info]2019/10/12 18:41:39 logger.go:32: access /
[Info]2019/10/12 18:41:44 logger.go:32: access /
[Info]2019/10/12 18:42:21 logger.go:32: access /
[Info]2019/10/12 18:42:32 logger.go:32: access /
[Info]2019/10/12 19:05:30 logger.go:34: http server started, listened on port 
%!(EXTRA []interface {}=[8000])
[Info]2019/10/12 19:06:54 logger.go:34: http server started, listened on port 
%!(EXTRA []interface {}=[8000])
[Info]2019/10/12 19:07:03 logger.go:32: access /
[Info]2019/10/12 19:07:17 logger.go:32: access /
[Info]2019/10/12 19:11:10 logger.go:32: access /
[Info]2019/10/12 19:13:11 logger.go:32: access /
[Info]2019/10/12 19:13:30 logger.go:32: access /
[Info]2019/10/13 22:57:11 logger.go:32: access /
[Info]2019/10/13 22:57:47 logger.go:32: access /
[Info]2019/10/13 22:59:12 logger.go:32: access /
[Info]2019/10/13 23:01:36 logger.go:32: access /
[Info]2019/10/13 23:10:47 logger.go:32: access /
[Info]2019/10/13 23:10:59 logger.go:32: access /
[Info]2019/10/14 10:12:02 logger.go:32: access /
[Info]2019/10/14 10:12:02 logger.go:32: access /
[Info]2019/10/14 10:12:03 logger.go:32: access /
[Info]2019/10/14 10:12:03 logger.go:32: access /
[Info]2019/10/14 19:13:18 logger.go:32: access /
[Info]2019/10/15 10:12:05 logger.go:32: access /
[Info]2019/10/16 10:11:12 logger.go:32: access /
[Info]2019/10/17 10:11:34 logger.go:32: access /
[Info]2019/10/18 10:11:48 logger.go:32: access /
